Using pre-set license
Built from '2020.3/staging' branch; Version is '2020.3.20f1 (41c4e627c95f) revision 4310246'; Using compiler version '192528614'; Build Type 'Release'
OS: 'Windows 10 Enterprise; OS build 19042.1288; Version 2009; 64bit' Language: 'en' Physical Memory: 16190 MB
BatchMode: 1, IsHumanControllingUs: 0, StartBugReporterOnCrash: 0, Is64bit: 1, IsPro: 0

COMMAND LINE ARGUMENTS:
C:\Program Files\Unity\Hub\Editor\2020.3.20f1\Editor\Unity.exe
-adb2
-batchMode
-noUpm
-name
AssetImportWorker0
-projectPath
C:/Users/herfrn/Documents/iOSDemo/iOSDemo/My project
-logFile
Logs/AssetImportWorker0.log
-srvPort
53801
Successfully changed project path to: C:/Users/herfrn/Documents/iOSDemo/iOSDemo/My project
C:/Users/herfrn/Documents/iOSDemo/iOSDemo/My project
Using Asset Import Pipeline V2.
Refreshing native plugins compatible for Editor in 49.48 ms, found 2 plugins.
Preloading 0 native plugins for Editor in 0.00 ms.
Initialize engine version: 2020.3.20f1 (41c4e627c95f)
[Subsystems] Discovering subsystems at path C:/Program Files/Unity/Hub/Editor/2020.3.20f1/Editor/Data/Resources/UnitySubsystems
[Subsystems] Discovering subsystems at path C:/Users/herfrn/Documents/iOSDemo/iOSDemo/My project/Assets
GfxDevice: creating device client; threaded=0
Direct3D:
    Version:  Direct3D 11.0 [level 11.1]
    Renderer: Intel(R) UHD Graphics 620 (ID=0x3ea0)
    Vendor:   
    VRAM:     8095 MB
    Driver:   27.20.100.8190
Initialize mono
Mono path[0] = 'C:/Program Files/Unity/Hub/Editor/2020.3.20f1/Editor/Data/Managed'
Mono path[1] = 'C:/Program Files/Unity/Hub/Editor/2020.3.20f1/Editor/Data/MonoBleedingEdge/lib/mono/unityjit'
Mono config path = 'C:/Program Files/Unity/Hub/Editor/2020.3.20f1/Editor/Data/MonoBleedingEdge/etc'
Using monoOptions --debugger-agent=transport=dt_socket,embedding=1,server=y,suspend=n,address=127.0.0.1:56612
Begin MonoManager ReloadAssembly
Registering precompiled unity dll's ...
Register platform support module: C:/Program Files/Unity/Hub/Editor/2020.3.20f1/Editor/Data/PlaybackEngines/WindowsStandaloneSupport/UnityEditor.WindowsStandalone.Extensions.dll
Registered in 0.002004 seconds.
Native extension for WindowsStandalone target not found
Refreshing native plugins compatible for Editor in 39.74 ms, found 2 plugins.
Preloading 0 native plugins for Editor in 0.00 ms.
Mono: successfully reloaded assembly
- Completed reload, in  1.426 seconds
Domain Reload Profiling:
	ReloadAssembly (1426ms)
		BeginReloadAssembly (59ms)
			ExecutionOrderSort (0ms)
			DisableScriptedObjects (0ms)
			BackupInstance (0ms)
			ReleaseScriptingObjects (0ms)
			CreateAndSetChildDomain (1ms)
		EndReloadAssembly (439ms)
			LoadAssemblies (57ms)
			RebuildTransferFunctionScriptingTraits (0ms)
			SetupTypeCache (158ms)
			ReleaseScriptCaches (0ms)
			RebuildScriptCaches (33ms)
			SetupLoadedEditorAssemblies (171ms)
				LogAssemblyErrors (0ms)
				InitializePlatformSupportModulesInManaged (4ms)
				SetLoadedEditorAssemblies (0ms)
				RefreshPlugins (40ms)
				BeforeProcessingInitializeOnLoad (15ms)
				ProcessInitializeOnLoadAttributes (83ms)
				ProcessInitializeOnLoadMethodAttributes (29ms)
				AfterProcessingInitializeOnLoad (0ms)
				EditorAssembliesLoaded (0ms)
			ExecutionOrderSort2 (0ms)
			AwakeInstancesAfterBackupRestoration (0ms)
Platform modules already initialized, skipping
Registering precompiled user dll's ...
Registered in 0.004050 seconds.
Begin MonoManager ReloadAssembly
Error: Could not load signature of UnityEngine.Advertisements.Editor.PostProcessBuildPlist:PlistContainsAdNetworkId due to: Could not load file or assembly 'UnityEditor.iOS.Extensions.Xcode, Version=1.0.0.0, Culture=neutral, PublicKeyToken=null' or one of its dependencies. assembly:UnityEditor.iOS.Extensions.Xcode, Version=1.0.0.0, Culture=neutral, PublicKeyToken=null type:<unknown type> member:(null) signature:<none>
Unloading broken assembly Library/ScriptAssemblies/UnityEngine.Advertisements.Editor.dll, this assembly can cause crashes in the runtime
Native extension for WindowsStandalone target not found
Refreshing native plugins compatible for Editor in 0.46 ms, found 2 plugins.
Preloading 0 native plugins for Editor in 0.00 ms.
Mono: successfully reloaded assembly
- Completed reload, in  1.072 seconds
Domain Reload Profiling:
	ReloadAssembly (1073ms)
		BeginReloadAssembly (146ms)
			ExecutionOrderSort (0ms)
			DisableScriptedObjects (4ms)
			BackupInstance (0ms)
			ReleaseScriptingObjects (0ms)
			CreateAndSetChildDomain (18ms)
		EndReloadAssembly (867ms)
			LoadAssemblies (91ms)
			RebuildTransferFunctionScriptingTraits (0ms)
			SetupTypeCache (318ms)
			ReleaseScriptCaches (0ms)
			RebuildScriptCaches (40ms)
			SetupLoadedEditorAssemblies (322ms)
				LogAssemblyErrors (0ms)
				InitializePlatformSupportModulesInManaged (6ms)
				SetLoadedEditorAssemblies (0ms)
				RefreshPlugins (1ms)
				BeforeProcessingInitializeOnLoad (79ms)
				ProcessInitializeOnLoadAttributes (224ms)
				ProcessInitializeOnLoadMethodAttributes (5ms)
				AfterProcessingInitializeOnLoad (7ms)
				EditorAssembliesLoaded (0ms)
			ExecutionOrderSort2 (0ms)
			AwakeInstancesAfterBackupRestoration (6ms)
Platform modules already initialized, skipping
========================================================================
Worker process is ready to serve import requests
Launched and connected shader compiler UnityShaderCompiler.exe after 0.06 seconds
Refreshing native plugins compatible for Editor in 0.43 ms, found 2 plugins.
Preloading 0 native plugins for Editor in 0.00 ms.
Unloading 1578 Unused Serialized files (Serialized files now loaded: 0)
System memory in use before: 73.1 MB.
System memory in use after: 73.2 MB.

Unloading 39 unused Assets to reduce memory usage. Loaded Objects now: 1991.
Total: 2.912700 ms (FindLiveObjects: 0.154900 ms CreateObjectMapping: 0.042200 ms MarkObjects: 2.655500 ms  DeleteObjects: 0.059100 ms)

AssetImportParameters requested are different than current active one (requested -> active):
  custom:framework-win-MediaFoundation: 216162199b28c13a410421893ffa2e32 -> 
  custom:video-decoder-ogg-theora: a1e56fd34408186e4bbccfd4996cb3dc -> 
  custom:container-muxer-webm: aa71ff27fc2769a1b78a27578f13a17b -> 
  custom:container-demuxer-webm: 4f35f7cbe854078d1ac9338744f61a02 -> 
  custom:container-demuxer-ogg: 62fdf1f143b41e24485cea50d1cbac27 -> 
  custom:video-encoder-webm-vp8: eb34c28f22e8b96e1ab97ce403110664 -> 
  custom:video-decoder-webm-vp8: 9c59270c3fd7afecdb556c50c9e8de78 -> 
  custom:audio-decoder-ogg-vorbis: bf7c407c2cedff20999df2af8eb42d56 -> 
  custom:audio-encoder-webm-vorbis: bf7c407c2cedff20999df2af8eb42d56 -> 
========================================================================
Received Import Request.
  path: Assets/Models/Ground.fbx
  artifactKey: Guid(27d49af7a1207af4c9ef843d4a3c0c8f) Importer(815301076,1909f56bfc062723c751e8b465ee728b)
Start importing Assets/Models/Ground.fbx using Guid(27d49af7a1207af4c9ef843d4a3c0c8f) Importer(815301076,1909f56bfc062723c751e8b465ee728b)  -> (artifact id: '87927d374b302a5c4f6b7c5201c8a94b') in 0.417979 seconds 
  Import took 0.420410 seconds .

========================================================================
Received Import Request.
  Time since last request: 0.000307 seconds.
  path: Assets/Models/Triangle.fbx
  artifactKey: Guid(d3322b95ba8148f4db054ba9400bdd33) Importer(815301076,1909f56bfc062723c751e8b465ee728b)
Start importing Assets/Models/Triangle.fbx using Guid(d3322b95ba8148f4db054ba9400bdd33) Importer(815301076,1909f56bfc062723c751e8b465ee728b)  -> (artifact id: '8381d0988742092b3d6cf204c236a675') in 0.076301 seconds 
  Import took 0.078900 seconds .

========================================================================
Received Import Request.
  Time since last request: 0.000234 seconds.
  path: Assets/Models/Player.fbx
  artifactKey: Guid(6339f4cd8577b964eb45250f4b4ba526) Importer(815301076,1909f56bfc062723c751e8b465ee728b)
Start importing Assets/Models/Player.fbx using Guid(6339f4cd8577b964eb45250f4b4ba526) Importer(815301076,1909f56bfc062723c751e8b465ee728b)  -> (artifact id: 'e6a9fd2d6414c9b14cb05c5cdffeff99') in 0.109491 seconds 
  Import took 0.112755 seconds .

========================================================================
Received Import Request.
  Time since last request: 18.596957 seconds.
  path: Assets/Models/Player.fbx
  artifactKey: Guid(6339f4cd8577b964eb45250f4b4ba526) Importer(815301076,1909f56bfc062723c751e8b465ee728b)
Start importing Assets/Models/Player.fbx using Guid(6339f4cd8577b964eb45250f4b4ba526) Importer(815301076,1909f56bfc062723c751e8b465ee728b)  -> (artifact id: '8941b6535e75b3164e5772a455114179') in 0.053746 seconds 
  Import took 0.056510 seconds .

========================================================================
Received Import Request.
  Time since last request: 2.634095 seconds.
  path: Assets/Materials/2DSkybox.mat
  artifactKey: Guid(3a0711fde3ed5a54fa0b716d78b80752) Importer(815301076,1909f56bfc062723c751e8b465ee728b)
Start importing Assets/Materials/2DSkybox.mat using Guid(3a0711fde3ed5a54fa0b716d78b80752) Importer(815301076,1909f56bfc062723c751e8b465ee728b)  -> (artifact id: '546da56da0c0f36ec6d4d3e349ceef3b') in 0.315185 seconds 
  Import took 0.318632 seconds .

========================================================================
Received Import Request.
  Time since last request: 0.000363 seconds.
  path: Assets/Materials/Material.002.mat
  artifactKey: Guid(e9ce6eed00bb7fc48a0cde978b44ec8e) Importer(815301076,1909f56bfc062723c751e8b465ee728b)
Start importing Assets/Materials/Material.002.mat using Guid(e9ce6eed00bb7fc48a0cde978b44ec8e) Importer(815301076,1909f56bfc062723c751e8b465ee728b)  -> (artifact id: '8547f19d65a82093a906ef794081466b') in 0.046444 seconds 
  Import took 0.049525 seconds .

========================================================================
Received Import Request.
  Time since last request: 0.000524 seconds.
  path: Assets/Materials/Sand_Mat.mat
  artifactKey: Guid(526db8d129f4ada4c8fa153b5f10016f) Importer(815301076,1909f56bfc062723c751e8b465ee728b)
Start importing Assets/Materials/Sand_Mat.mat using Guid(526db8d129f4ada4c8fa153b5f10016f) Importer(815301076,1909f56bfc062723c751e8b465ee728b)  -> (artifact id: '6f9f4cb20559044b51a4302c3194f740') in 0.044731 seconds 
  Import took 0.048548 seconds .

========================================================================
Received Import Request.
  Time since last request: 0.000385 seconds.
  path: Assets/Materials/Triangle.mat
  artifactKey: Guid(86b8dc10b91b1ba4fa75c341357ddc19) Importer(815301076,1909f56bfc062723c751e8b465ee728b)
Start importing Assets/Materials/Triangle.mat using Guid(86b8dc10b91b1ba4fa75c341357ddc19) Importer(815301076,1909f56bfc062723c751e8b465ee728b)  -> (artifact id: '9df7f0ee39dac3987670098a2e3a850f') in 0.054663 seconds 
  Import took 0.057429 seconds .

========================================================================
Received Import Request.
  Time since last request: 0.000380 seconds.
  path: Assets/Materials/PlayerTemp.mat
  artifactKey: Guid(40f57947f5ea08040a77bc603514e419) Importer(815301076,1909f56bfc062723c751e8b465ee728b)
Start importing Assets/Materials/PlayerTemp.mat using Guid(40f57947f5ea08040a77bc603514e419) Importer(815301076,1909f56bfc062723c751e8b465ee728b)  -> (artifact id: 'cd99024434187a2494d7a5360b74846c') in 0.052852 seconds 
  Import took 0.055943 seconds .

========================================================================
Received Import Request.
  Time since last request: 0.000444 seconds.
  path: Assets/Materials/Grass_Mat.mat
  artifactKey: Guid(513415295d3e5674da81bd950e4d7ae2) Importer(815301076,1909f56bfc062723c751e8b465ee728b)
Start importing Assets/Materials/Grass_Mat.mat using Guid(513415295d3e5674da81bd950e4d7ae2) Importer(815301076,1909f56bfc062723c751e8b465ee728b)  -> (artifact id: '11dc02eeab965a7df6795eb69d52ef6d') in 0.034189 seconds 
  Import took 0.037522 seconds .

========================================================================
Received Import Request.
  Time since last request: 0.000389 seconds.
  path: Assets/Materials/Water_Mat.mat
  artifactKey: Guid(5ed4e20035285dc47aee0a858e9f6adc) Importer(815301076,1909f56bfc062723c751e8b465ee728b)
Start importing Assets/Materials/Water_Mat.mat using Guid(5ed4e20035285dc47aee0a858e9f6adc) Importer(815301076,1909f56bfc062723c751e8b465ee728b)  -> (artifact id: 'c3c0f11e141a379b81e0e1386bae40f5') in 0.041381 seconds 
  Import took 0.045359 seconds .

========================================================================
Received Import Request.
  Time since last request: 0.000429 seconds.
  path: Assets/Materials/Material.001.mat
  artifactKey: Guid(c82fe59ffc2e01e45813f0ed2a61380f) Importer(815301076,1909f56bfc062723c751e8b465ee728b)
Start importing Assets/Materials/Material.001.mat using Guid(c82fe59ffc2e01e45813f0ed2a61380f) Importer(815301076,1909f56bfc062723c751e8b465ee728b)  -> (artifact id: '381c222af97f8c7abf2fa662bd1d0c7f') in 0.056985 seconds 
  Import took 0.060183 seconds .

========================================================================
Received Prepare
Registering precompiled user dll's ...
Registered in 0.004569 seconds.
Begin MonoManager ReloadAssembly
Error: Could not load signature of UnityEngine.Advertisements.Editor.PostProcessBuildPlist:PlistContainsAdNetworkId due to: Could not load file or assembly 'UnityEditor.iOS.Extensions.Xcode, Version=1.0.0.0, Culture=neutral, PublicKeyToken=null' or one of its dependencies. assembly:UnityEditor.iOS.Extensions.Xcode, Version=1.0.0.0, Culture=neutral, PublicKeyToken=null type:<unknown type> member:(null) signature:<none>
Unloading broken assembly Library/ScriptAssemblies/UnityEngine.Advertisements.Editor.dll, this assembly can cause crashes in the runtime
Native extension for WindowsStandalone target not found
Refreshing native plugins compatible for Editor in 0.83 ms, found 2 plugins.
Preloading 0 native plugins for Editor in 0.00 ms.
Mono: successfully reloaded assembly
- Completed reload, in  0.937 seconds
Domain Reload Profiling:
	ReloadAssembly (938ms)
		BeginReloadAssembly (135ms)
			ExecutionOrderSort (0ms)
			DisableScriptedObjects (5ms)
			BackupInstance (0ms)
			ReleaseScriptingObjects (0ms)
			CreateAndSetChildDomain (42ms)
		EndReloadAssembly (741ms)
			LoadAssemblies (92ms)
			RebuildTransferFunctionScriptingTraits (0ms)
			SetupTypeCache (256ms)
			ReleaseScriptCaches (1ms)
			RebuildScriptCaches (36ms)
			SetupLoadedEditorAssemblies (267ms)
				LogAssemblyErrors (0ms)
				InitializePlatformSupportModulesInManaged (4ms)
				SetLoadedEditorAssemblies (1ms)
				RefreshPlugins (1ms)
				BeforeProcessingInitializeOnLoad (68ms)
				ProcessInitializeOnLoadAttributes (184ms)
				ProcessInitializeOnLoadMethodAttributes (4ms)
				AfterProcessingInitializeOnLoad (5ms)
				EditorAssembliesLoaded (0ms)
			ExecutionOrderSort2 (0ms)
			AwakeInstancesAfterBackupRestoration (6ms)
Platform modules already initialized, skipping
Switching build target platform(19) subTarget(0) extendedPlatform(0) -> platform(9) subTarget(16777218) extendedPlatform(0)
Refreshing native plugins compatible for Editor in 0.64 ms, found 2 plugins.
Preloading 0 native plugins for Editor in 0.00 ms.
Unloading 1561 Unused Serialized files (Serialized files now loaded: 0)
System memory in use before: 75.0 MB.
System memory in use after: 75.1 MB.

Unloading 35 unused Assets to reduce memory usage. Loaded Objects now: 2036.
Total: 3.057600 ms (FindLiveObjects: 0.166500 ms CreateObjectMapping: 0.042300 ms MarkObjects: 2.820700 ms  DeleteObjects: 0.027100 ms)

AssetImportParameters requested are different than current active one (requested -> active):
  custom:framework-win-MediaFoundation: 216162199b28c13a410421893ffa2e32 -> 
  custom:video-decoder-ogg-theora: a1e56fd34408186e4bbccfd4996cb3dc -> 
  custom:container-muxer-webm: aa71ff27fc2769a1b78a27578f13a17b -> 
  custom:container-demuxer-webm: 4f35f7cbe854078d1ac9338744f61a02 -> 
  custom:container-demuxer-ogg: 62fdf1f143b41e24485cea50d1cbac27 -> 
  custom:video-encoder-webm-vp8: eb34c28f22e8b96e1ab97ce403110664 -> 
  custom:video-decoder-webm-vp8: 9c59270c3fd7afecdb556c50c9e8de78 -> 
  custom:graphics/normal-map-encoding: 01000000000000000000000000000000 -> 02000000000000000000000000000000
  custom:audio-decoder-ogg-vorbis: bf7c407c2cedff20999df2af8eb42d56 -> 
  custom:audio-encoder-webm-vorbis: bf7c407c2cedff20999df2af8eb42d56 -> 
========================================================================
Received Import Request.
  Time since last request: 400.474627 seconds.
  path: Assets/_Prefabs/Player.prefab
  artifactKey: Guid(97ce6442bb2c09d4faead277f5abd1db) Importer(815301076,1909f56bfc062723c751e8b465ee728b)
Start importing Assets/_Prefabs/Player.prefab using Guid(97ce6442bb2c09d4faead277f5abd1db) Importer(815301076,1909f56bfc062723c751e8b465ee728b)  -> (artifact id: '870677a762f7369b9355dd0c9a71acc5') in 0.199445 seconds 
  Import took 0.202868 seconds .

========================================================================
Received Import Request.
  Time since last request: 0.000239 seconds.
  path: Assets/_Prefabs/Triangles_C.prefab
  artifactKey: Guid(aec5159f638b67c44bc004cb5929b79d) Importer(815301076,1909f56bfc062723c751e8b465ee728b)
Start importing Assets/_Prefabs/Triangles_C.prefab using Guid(aec5159f638b67c44bc004cb5929b79d) Importer(815301076,1909f56bfc062723c751e8b465ee728b)  -> (artifact id: 'da5e5295227f52df1ade13f5cb1e44aa') in 0.174062 seconds 
  Import took 0.176508 seconds .

========================================================================
Received Import Request.
  Time since last request: 0.000297 seconds.
  path: Assets/_Prefabs/Triangles_B.prefab
  artifactKey: Guid(2391b5152b1066d43ad87be15e085e14) Importer(815301076,1909f56bfc062723c751e8b465ee728b)
Start importing Assets/_Prefabs/Triangles_B.prefab using Guid(2391b5152b1066d43ad87be15e085e14) Importer(815301076,1909f56bfc062723c751e8b465ee728b)  -> (artifact id: 'd816871569c7a9ccea30ef80c6606544') in 0.038150 seconds 
  Import took 0.041428 seconds .

========================================================================
Received Import Request.
  Time since last request: 0.000415 seconds.
  path: Assets/_Prefabs/Triangle.prefab
  artifactKey: Guid(e862dad62f29e0249bf060d78a606e47) Importer(815301076,1909f56bfc062723c751e8b465ee728b)
Start importing Assets/_Prefabs/Triangle.prefab using Guid(e862dad62f29e0249bf060d78a606e47) Importer(815301076,1909f56bfc062723c751e8b465ee728b)  -> (artifact id: '2f07f5912223ca097b9ec9a5356e7189') in 0.045252 seconds 
  Import took 0.049456 seconds .

========================================================================
Received Import Request.
  Time since last request: 0.000467 seconds.
  path: Assets/_Prefabs/Triangles_D.prefab
  artifactKey: Guid(236fa4ea5aaefe24999557f30e349a3b) Importer(815301076,1909f56bfc062723c751e8b465ee728b)
Start importing Assets/_Prefabs/Triangles_D.prefab using Guid(236fa4ea5aaefe24999557f30e349a3b) Importer(815301076,1909f56bfc062723c751e8b465ee728b)  -> (artifact id: 'b6ad014a8aa8b2ed948f7aa00d99d3ef') in 0.031871 seconds 
  Import took 0.035974 seconds .

========================================================================
Received Import Request.
  Time since last request: 0.000371 seconds.
  path: Assets/_Prefabs/Triangles_A.prefab
  artifactKey: Guid(f558e74656ec4684aa37a49dd318e8ca) Importer(815301076,1909f56bfc062723c751e8b465ee728b)
Start importing Assets/_Prefabs/Triangles_A.prefab using Guid(f558e74656ec4684aa37a49dd318e8ca) Importer(815301076,1909f56bfc062723c751e8b465ee728b)  -> (artifact id: '9813220a7aec91c4eb2983c12c0c4d45') in 0.028778 seconds 
  Import took 0.032198 seconds .

========================================================================
Received Prepare
Registering precompiled user dll's ...
Registered in 0.004311 seconds.
Begin MonoManager ReloadAssembly
Error: Could not load signature of UnityEngine.Advertisements.Editor.PostProcessBuildPlist:PlistContainsAdNetworkId due to: Could not load file or assembly 'UnityEditor.iOS.Extensions.Xcode, Version=1.0.0.0, Culture=neutral, PublicKeyToken=null' or one of its dependencies. assembly:UnityEditor.iOS.Extensions.Xcode, Version=1.0.0.0, Culture=neutral, PublicKeyToken=null type:<unknown type> member:(null) signature:<none>
Unloading broken assembly Library/ScriptAssemblies/UnityEngine.Advertisements.Editor.dll, this assembly can cause crashes in the runtime
Native extension for WindowsStandalone target not found
Refreshing native plugins compatible for Editor in 0.47 ms, found 2 plugins.
Preloading 0 native plugins for Editor in 0.00 ms.
Mono: successfully reloaded assembly
- Completed reload, in  1.008 seconds
Domain Reload Profiling:
	ReloadAssembly (1009ms)
		BeginReloadAssembly (126ms)
			ExecutionOrderSort (0ms)
			DisableScriptedObjects (5ms)
			BackupInstance (0ms)
			ReleaseScriptingObjects (0ms)
			CreateAndSetChildDomain (33ms)
		EndReloadAssembly (813ms)
			LoadAssemblies (99ms)
			RebuildTransferFunctionScriptingTraits (0ms)
			SetupTypeCache (289ms)
			ReleaseScriptCaches (1ms)
			RebuildScriptCaches (39ms)
			SetupLoadedEditorAssemblies (281ms)
				LogAssemblyErrors (0ms)
				InitializePlatformSupportModulesInManaged (5ms)
				SetLoadedEditorAssemblies (0ms)
				RefreshPlugins (1ms)
				BeforeProcessingInitializeOnLoad (73ms)
				ProcessInitializeOnLoadAttributes (192ms)
				ProcessInitializeOnLoadMethodAttributes (3ms)
				AfterProcessingInitializeOnLoad (6ms)
				EditorAssembliesLoaded (0ms)
			ExecutionOrderSort2 (0ms)
			AwakeInstancesAfterBackupRestoration (7ms)
Platform modules already initialized, skipping
Switching build target platform(19) subTarget(0) extendedPlatform(0) -> platform(9) subTarget(16777218) extendedPlatform(0)
Refreshing native plugins compatible for Editor in 0.47 ms, found 2 plugins.
Preloading 0 native plugins for Editor in 0.00 ms.
Unloading 1561 Unused Serialized files (Serialized files now loaded: 0)
System memory in use before: 75.1 MB.
System memory in use after: 75.2 MB.

Unloading 34 unused Assets to reduce memory usage. Loaded Objects now: 2040.
Total: 2.832100 ms (FindLiveObjects: 0.158900 ms CreateObjectMapping: 0.044900 ms MarkObjects: 2.609600 ms  DeleteObjects: 0.017800 ms)

AssetImportParameters requested are different than current active one (requested -> active):
  custom:framework-win-MediaFoundation: 216162199b28c13a410421893ffa2e32 -> 
  custom:video-decoder-ogg-theora: a1e56fd34408186e4bbccfd4996cb3dc -> 
  custom:container-muxer-webm: aa71ff27fc2769a1b78a27578f13a17b -> 
  custom:container-demuxer-webm: 4f35f7cbe854078d1ac9338744f61a02 -> 
  custom:container-demuxer-ogg: 62fdf1f143b41e24485cea50d1cbac27 -> 
  custom:video-encoder-webm-vp8: eb34c28f22e8b96e1ab97ce403110664 -> 
  custom:video-decoder-webm-vp8: 9c59270c3fd7afecdb556c50c9e8de78 -> 
  custom:graphics/normal-map-encoding: 01000000000000000000000000000000 -> 02000000000000000000000000000000
  custom:audio-decoder-ogg-vorbis: bf7c407c2cedff20999df2af8eb42d56 -> 
  custom:audio-encoder-webm-vorbis: bf7c407c2cedff20999df2af8eb42d56 -> 
========================================================================
Received Prepare
Registering precompiled user dll's ...
Registered in 0.006161 seconds.
Begin MonoManager ReloadAssembly
Error: Could not load signature of UnityEngine.Advertisements.Editor.PostProcessBuildPlist:PlistContainsAdNetworkId due to: Could not load file or assembly 'UnityEditor.iOS.Extensions.Xcode, Version=1.0.0.0, Culture=neutral, PublicKeyToken=null' or one of its dependencies. assembly:UnityEditor.iOS.Extensions.Xcode, Version=1.0.0.0, Culture=neutral, PublicKeyToken=null type:<unknown type> member:(null) signature:<none>
Unloading broken assembly Library/ScriptAssemblies/UnityEngine.Advertisements.Editor.dll, this assembly can cause crashes in the runtime
Native extension for WindowsStandalone target not found
Refreshing native plugins compatible for Editor in 0.49 ms, found 2 plugins.
Preloading 0 native plugins for Editor in 0.00 ms.
Mono: successfully reloaded assembly
- Completed reload, in  0.939 seconds
Domain Reload Profiling:
	ReloadAssembly (939ms)
		BeginReloadAssembly (126ms)
			ExecutionOrderSort (0ms)
			DisableScriptedObjects (4ms)
			BackupInstance (0ms)
			ReleaseScriptingObjects (0ms)
			CreateAndSetChildDomain (37ms)
		EndReloadAssembly (751ms)
			LoadAssemblies (99ms)
			RebuildTransferFunctionScriptingTraits (0ms)
			SetupTypeCache (260ms)
			ReleaseScriptCaches (1ms)
			RebuildScriptCaches (33ms)
			SetupLoadedEditorAssemblies (257ms)
				LogAssemblyErrors (0ms)
				InitializePlatformSupportModulesInManaged (5ms)
				SetLoadedEditorAssemblies (0ms)
				RefreshPlugins (1ms)
				BeforeProcessingInitializeOnLoad (65ms)
				ProcessInitializeOnLoadAttributes (174ms)
				ProcessInitializeOnLoadMethodAttributes (3ms)
				AfterProcessingInitializeOnLoad (7ms)
				EditorAssembliesLoaded (0ms)
			ExecutionOrderSort2 (0ms)
			AwakeInstancesAfterBackupRestoration (5ms)
Platform modules already initialized, skipping
Switching build target platform(19) subTarget(0) extendedPlatform(0) -> platform(9) subTarget(16777218) extendedPlatform(0)
Refreshing native plugins compatible for Editor in 0.47 ms, found 2 plugins.
Preloading 0 native plugins for Editor in 0.00 ms.
Unloading 1561 Unused Serialized files (Serialized files now loaded: 0)
System memory in use before: 75.1 MB.
System memory in use after: 75.3 MB.

Unloading 34 unused Assets to reduce memory usage. Loaded Objects now: 2042.
Total: 2.889800 ms (FindLiveObjects: 0.155600 ms CreateObjectMapping: 0.040000 ms MarkObjects: 2.671400 ms  DeleteObjects: 0.021900 ms)

AssetImportParameters requested are different than current active one (requested -> active):
  custom:framework-win-MediaFoundation: 216162199b28c13a410421893ffa2e32 -> 
  custom:video-decoder-ogg-theora: a1e56fd34408186e4bbccfd4996cb3dc -> 
  custom:container-muxer-webm: aa71ff27fc2769a1b78a27578f13a17b -> 
  custom:container-demuxer-webm: 4f35f7cbe854078d1ac9338744f61a02 -> 
  custom:container-demuxer-ogg: 62fdf1f143b41e24485cea50d1cbac27 -> 
  custom:video-encoder-webm-vp8: eb34c28f22e8b96e1ab97ce403110664 -> 
  custom:video-decoder-webm-vp8: 9c59270c3fd7afecdb556c50c9e8de78 -> 
  custom:graphics/normal-map-encoding: 01000000000000000000000000000000 -> 02000000000000000000000000000000
  custom:audio-decoder-ogg-vorbis: bf7c407c2cedff20999df2af8eb42d56 -> 
  custom:audio-encoder-webm-vorbis: bf7c407c2cedff20999df2af8eb42d56 -> 
========================================================================
Received Import Request.
  Time since last request: 419.993984 seconds.
  path: Assets/Audio/ThemeSong.mp3
  artifactKey: Guid(fad31846e89155d46b504fb0b15545f2) Importer(815301076,1909f56bfc062723c751e8b465ee728b)
Start importing Assets/Audio/ThemeSong.mp3 using Guid(fad31846e89155d46b504fb0b15545f2) Importer(815301076,1909f56bfc062723c751e8b465ee728b)  -> (artifact id: '031f1b1d36df87c8a4e60800ef4ea4d6') in 0.049905 seconds 
  Import took 0.053152 seconds .

========================================================================
Received Prepare
Registering precompiled user dll's ...
Registered in 0.005030 seconds.
Begin MonoManager ReloadAssembly
Error: Could not load signature of UnityEngine.Advertisements.Editor.PostProcessBuildPlist:PlistContainsAdNetworkId due to: Could not load file or assembly 'UnityEditor.iOS.Extensions.Xcode, Version=1.0.0.0, Culture=neutral, PublicKeyToken=null' or one of its dependencies. assembly:UnityEditor.iOS.Extensions.Xcode, Version=1.0.0.0, Culture=neutral, PublicKeyToken=null type:<unknown type> member:(null) signature:<none>
Unloading broken assembly Library/ScriptAssemblies/UnityEngine.Advertisements.Editor.dll, this assembly can cause crashes in the runtime
Native extension for WindowsStandalone target not found
Refreshing native plugins compatible for Editor in 0.73 ms, found 2 plugins.
Preloading 0 native plugins for Editor in 0.00 ms.
Mono: successfully reloaded assembly
- Completed reload, in  0.926 seconds
Domain Reload Profiling:
	ReloadAssembly (926ms)
		BeginReloadAssembly (94ms)
			ExecutionOrderSort (0ms)
			DisableScriptedObjects (4ms)
			BackupInstance (0ms)
			ReleaseScriptingObjects (0ms)
			CreateAndSetChildDomain (27ms)
		EndReloadAssembly (778ms)
			LoadAssemblies (76ms)
			RebuildTransferFunctionScriptingTraits (0ms)
			SetupTypeCache (248ms)
			ReleaseScriptCaches (1ms)
			RebuildScriptCaches (34ms)
			SetupLoadedEditorAssemblies (282ms)
				LogAssemblyErrors (0ms)
				InitializePlatformSupportModulesInManaged (7ms)
				SetLoadedEditorAssemblies (1ms)
				RefreshPlugins (1ms)
				BeforeProcessingInitializeOnLoad (81ms)
				ProcessInitializeOnLoadAttributes (182ms)
				ProcessInitializeOnLoadMethodAttributes (4ms)
				AfterProcessingInitializeOnLoad (6ms)
				EditorAssembliesLoaded (0ms)
			ExecutionOrderSort2 (0ms)
			AwakeInstancesAfterBackupRestoration (6ms)
Platform modules already initialized, skipping
Switching build target platform(19) subTarget(0) extendedPlatform(0) -> platform(9) subTarget(16777218) extendedPlatform(0)
Refreshing native plugins compatible for Editor in 0.48 ms, found 2 plugins.
Preloading 0 native plugins for Editor in 0.00 ms.
Unloading 1561 Unused Serialized files (Serialized files now loaded: 0)
System memory in use before: 75.2 MB.
System memory in use after: 75.3 MB.

Unloading 34 unused Assets to reduce memory usage. Loaded Objects now: 2047.
Total: 2.898300 ms (FindLiveObjects: 0.158200 ms CreateObjectMapping: 0.049900 ms MarkObjects: 2.673600 ms  DeleteObjects: 0.015400 ms)

AssetImportParameters requested are different than current active one (requested -> active):
  custom:framework-win-MediaFoundation: 216162199b28c13a410421893ffa2e32 -> 
  custom:video-decoder-ogg-theora: a1e56fd34408186e4bbccfd4996cb3dc -> 
  custom:container-muxer-webm: aa71ff27fc2769a1b78a27578f13a17b -> 
  custom:container-demuxer-webm: 4f35f7cbe854078d1ac9338744f61a02 -> 
  custom:container-demuxer-ogg: 62fdf1f143b41e24485cea50d1cbac27 -> 
  custom:video-encoder-webm-vp8: eb34c28f22e8b96e1ab97ce403110664 -> 
  custom:video-decoder-webm-vp8: 9c59270c3fd7afecdb556c50c9e8de78 -> 
  custom:graphics/normal-map-encoding: 01000000000000000000000000000000 -> 02000000000000000000000000000000
  custom:audio-decoder-ogg-vorbis: bf7c407c2cedff20999df2af8eb42d56 -> 
  custom:audio-encoder-webm-vorbis: bf7c407c2cedff20999df2af8eb42d56 -> 
========================================================================
Received Import Request.
  Time since last request: 14.370849 seconds.
  path: Assets/_Prefabs/Triangle.prefab
  artifactKey: Guid(e862dad62f29e0249bf060d78a606e47) Importer(815301076,1909f56bfc062723c751e8b465ee728b)
Start importing Assets/_Prefabs/Triangle.prefab using Guid(e862dad62f29e0249bf060d78a606e47) Importer(815301076,1909f56bfc062723c751e8b465ee728b)  -> (artifact id: 'ef3ed39d9b9e17382121a65dbbfdde3c') in 0.061640 seconds 
  Import took 0.065655 seconds .

========================================================================
Received Import Request.
  Time since last request: 0.000338 seconds.
  path: Assets/_Prefabs/Triangles_C.prefab
  artifactKey: Guid(aec5159f638b67c44bc004cb5929b79d) Importer(815301076,1909f56bfc062723c751e8b465ee728b)
Start importing Assets/_Prefabs/Triangles_C.prefab using Guid(aec5159f638b67c44bc004cb5929b79d) Importer(815301076,1909f56bfc062723c751e8b465ee728b)  -> (artifact id: '8914dfaf2304f4b53bef0a8578884745') in 0.028510 seconds 
  Import took 0.032034 seconds .

========================================================================
Received Import Request.
  Time since last request: 0.000357 seconds.
  path: Assets/_Prefabs/Triangles_B.prefab
  artifactKey: Guid(2391b5152b1066d43ad87be15e085e14) Importer(815301076,1909f56bfc062723c751e8b465ee728b)
Start importing Assets/_Prefabs/Triangles_B.prefab using Guid(2391b5152b1066d43ad87be15e085e14) Importer(815301076,1909f56bfc062723c751e8b465ee728b)  -> (artifact id: 'e1d65143d94faa4aaa2b3c1db6b393f4') in 0.014342 seconds 
  Import took 0.018203 seconds .

========================================================================
Received Import Request.
  Time since last request: 0.000486 seconds.
  path: Assets/_Prefabs/Triangles_D.prefab
  artifactKey: Guid(236fa4ea5aaefe24999557f30e349a3b) Importer(815301076,1909f56bfc062723c751e8b465ee728b)
Start importing Assets/_Prefabs/Triangles_D.prefab using Guid(236fa4ea5aaefe24999557f30e349a3b) Importer(815301076,1909f56bfc062723c751e8b465ee728b)  -> (artifact id: '0e06d6d17cbe03209d0b22550005928b') in 0.019645 seconds 
  Import took 0.026669 seconds .

========================================================================
Received Import Request.
  Time since last request: 0.000476 seconds.
  path: Assets/_Prefabs/Triangles_A.prefab
  artifactKey: Guid(f558e74656ec4684aa37a49dd318e8ca) Importer(815301076,1909f56bfc062723c751e8b465ee728b)
Start importing Assets/_Prefabs/Triangles_A.prefab using Guid(f558e74656ec4684aa37a49dd318e8ca) Importer(815301076,1909f56bfc062723c751e8b465ee728b)  -> (artifact id: '59f4c1a497a43c5cb38e1a5e94c434ad') in 0.027756 seconds 
  Import took 0.031831 seconds .

========================================================================
Received Import Request.
  Time since last request: 4.998219 seconds.
  path: Assets/_Prefabs/Triangle.prefab
  artifactKey: Guid(e862dad62f29e0249bf060d78a606e47) Importer(815301076,1909f56bfc062723c751e8b465ee728b)
Start importing Assets/_Prefabs/Triangle.prefab using Guid(e862dad62f29e0249bf060d78a606e47) Importer(815301076,1909f56bfc062723c751e8b465ee728b)  -> (artifact id: '010e124e4bc7b38f190d48742243a625') in 0.026995 seconds 
  Import took 0.031674 seconds .

========================================================================
Received Import Request.
  Time since last request: 0.000441 seconds.
  path: Assets/_Prefabs/Triangles_C.prefab
  artifactKey: Guid(aec5159f638b67c44bc004cb5929b79d) Importer(815301076,1909f56bfc062723c751e8b465ee728b)
Start importing Assets/_Prefabs/Triangles_C.prefab using Guid(aec5159f638b67c44bc004cb5929b79d) Importer(815301076,1909f56bfc062723c751e8b465ee728b)  -> (artifact id: '4bb4e0e9c200e246b2f686c2fa490e1d') in 0.025908 seconds 
  Import took 0.028573 seconds .

========================================================================
Received Import Request.
  Time since last request: 0.000321 seconds.
  path: Assets/_Prefabs/Triangles_B.prefab
  artifactKey: Guid(2391b5152b1066d43ad87be15e085e14) Importer(815301076,1909f56bfc062723c751e8b465ee728b)
Start importing Assets/_Prefabs/Triangles_B.prefab using Guid(2391b5152b1066d43ad87be15e085e14) Importer(815301076,1909f56bfc062723c751e8b465ee728b)  -> (artifact id: 'f11625cefa9511984f696ffcb7bb2e51') in 0.009631 seconds 
  Import took 0.011908 seconds .

========================================================================
Received Import Request.
  Time since last request: 0.000264 seconds.
  path: Assets/_Prefabs/Triangles_D.prefab
  artifactKey: Guid(236fa4ea5aaefe24999557f30e349a3b) Importer(815301076,1909f56bfc062723c751e8b465ee728b)
Start importing Assets/_Prefabs/Triangles_D.prefab using Guid(236fa4ea5aaefe24999557f30e349a3b) Importer(815301076,1909f56bfc062723c751e8b465ee728b)  -> (artifact id: 'c61d5417f4515def56f0bcfd1ea908ff') in 0.010029 seconds 
  Import took 0.012953 seconds .

========================================================================
Received Import Request.
  Time since last request: 0.000365 seconds.
  path: Assets/_Prefabs/Triangles_A.prefab
  artifactKey: Guid(f558e74656ec4684aa37a49dd318e8ca) Importer(815301076,1909f56bfc062723c751e8b465ee728b)
Start importing Assets/_Prefabs/Triangles_A.prefab using Guid(f558e74656ec4684aa37a49dd318e8ca) Importer(815301076,1909f56bfc062723c751e8b465ee728b)  -> (artifact id: '0e2b0b2030e679c57c6c58ff31017589') in 0.028791 seconds 
  Import took 0.031801 seconds .

========================================================================
Received Import Request.
  Time since last request: 7.390714 seconds.
  path: Assets/_Prefabs/Triangle.prefab
  artifactKey: Guid(e862dad62f29e0249bf060d78a606e47) Importer(815301076,1909f56bfc062723c751e8b465ee728b)
Start importing Assets/_Prefabs/Triangle.prefab using Guid(e862dad62f29e0249bf060d78a606e47) Importer(815301076,1909f56bfc062723c751e8b465ee728b)  -> (artifact id: '227ba835606a58014c8fbe2c32eb9ebf') in 0.013508 seconds 
  Import took 0.018943 seconds .

========================================================================
Received Import Request.
  Time since last request: 0.000485 seconds.
  path: Assets/_Prefabs/Triangles_C.prefab
  artifactKey: Guid(aec5159f638b67c44bc004cb5929b79d) Importer(815301076,1909f56bfc062723c751e8b465ee728b)
Start importing Assets/_Prefabs/Triangles_C.prefab using Guid(aec5159f638b67c44bc004cb5929b79d) Importer(815301076,1909f56bfc062723c751e8b465ee728b)  -> (artifact id: '1f0e888dd97d18e3a6f1ab199c7cf899') in 0.023931 seconds 
  Import took 0.027822 seconds .

========================================================================
Received Import Request.
  Time since last request: 0.000259 seconds.
  path: Assets/_Prefabs/Triangles_B.prefab
  artifactKey: Guid(2391b5152b1066d43ad87be15e085e14) Importer(815301076,1909f56bfc062723c751e8b465ee728b)
Start importing Assets/_Prefabs/Triangles_B.prefab using Guid(2391b5152b1066d43ad87be15e085e14) Importer(815301076,1909f56bfc062723c751e8b465ee728b)  -> (artifact id: '565163e9a033645659c08a0025f0e4b8') in 0.023470 seconds 
  Import took 0.027294 seconds .

========================================================================
Received Import Request.
  Time since last request: 0.000320 seconds.
  path: Assets/_Prefabs/Triangles_D.prefab
  artifactKey: Guid(236fa4ea5aaefe24999557f30e349a3b) Importer(815301076,1909f56bfc062723c751e8b465ee728b)
Start importing Assets/_Prefabs/Triangles_D.prefab using Guid(236fa4ea5aaefe24999557f30e349a3b) Importer(815301076,1909f56bfc062723c751e8b465ee728b)  -> (artifact id: 'b4b07716a3f30730a8dbbc83d69d1875') in 0.025074 seconds 
  Import took 0.028918 seconds .

========================================================================
Received Import Request.
  Time since last request: 0.000358 seconds.
  path: Assets/_Prefabs/Triangles_A.prefab
  artifactKey: Guid(f558e74656ec4684aa37a49dd318e8ca) Importer(815301076,1909f56bfc062723c751e8b465ee728b)
Start importing Assets/_Prefabs/Triangles_A.prefab using Guid(f558e74656ec4684aa37a49dd318e8ca) Importer(815301076,1909f56bfc062723c751e8b465ee728b)  -> (artifact id: '15be0f8cd62debe8161dfd9e2713538c') in 0.023739 seconds 
  Import took 0.027710 seconds .

========================================================================
Received Import Request.
  Time since last request: 13.406429 seconds.
  path: Assets/_Prefabs/Triangle.prefab
  artifactKey: Guid(e862dad62f29e0249bf060d78a606e47) Importer(815301076,1909f56bfc062723c751e8b465ee728b)
Start importing Assets/_Prefabs/Triangle.prefab using Guid(e862dad62f29e0249bf060d78a606e47) Importer(815301076,1909f56bfc062723c751e8b465ee728b)  -> (artifact id: '21cb71b2c13397cffa210e2a1879841b') in 0.021895 seconds 
  Import took 0.026212 seconds .

========================================================================
Received Import Request.
  Time since last request: 0.000311 seconds.
  path: Assets/_Prefabs/Triangles_C.prefab
  artifactKey: Guid(aec5159f638b67c44bc004cb5929b79d) Importer(815301076,1909f56bfc062723c751e8b465ee728b)
Start importing Assets/_Prefabs/Triangles_C.prefab using Guid(aec5159f638b67c44bc004cb5929b79d) Importer(815301076,1909f56bfc062723c751e8b465ee728b)  -> (artifact id: '8d9000d15a87fc737f5fbf60d8485314') in 0.020653 seconds 
  Import took 0.024490 seconds .

========================================================================
Received Import Request.
  Time since last request: 0.000377 seconds.
  path: Assets/_Prefabs/Triangles_B.prefab
  artifactKey: Guid(2391b5152b1066d43ad87be15e085e14) Importer(815301076,1909f56bfc062723c751e8b465ee728b)
Start importing Assets/_Prefabs/Triangles_B.prefab using Guid(2391b5152b1066d43ad87be15e085e14) Importer(815301076,1909f56bfc062723c751e8b465ee728b)  -> (artifact id: 'e2addda0ded4d90c0ca1e7ac28e67f0a') in 0.024024 seconds 
  Import took 0.027758 seconds .

========================================================================
Received Import Request.
  Time since last request: 0.000467 seconds.
  path: Assets/_Prefabs/Triangles_D.prefab
  artifactKey: Guid(236fa4ea5aaefe24999557f30e349a3b) Importer(815301076,1909f56bfc062723c751e8b465ee728b)
Start importing Assets/_Prefabs/Triangles_D.prefab using Guid(236fa4ea5aaefe24999557f30e349a3b) Importer(815301076,1909f56bfc062723c751e8b465ee728b)  -> (artifact id: '5779c22c67a53da9eb7b9a4546ef37a8') in 0.024130 seconds 
  Import took 0.027567 seconds .

========================================================================
Received Import Request.
  Time since last request: 0.000280 seconds.
  path: Assets/_Prefabs/Triangles_A.prefab
  artifactKey: Guid(f558e74656ec4684aa37a49dd318e8ca) Importer(815301076,1909f56bfc062723c751e8b465ee728b)
Start importing Assets/_Prefabs/Triangles_A.prefab using Guid(f558e74656ec4684aa37a49dd318e8ca) Importer(815301076,1909f56bfc062723c751e8b465ee728b)  -> (artifact id: '482459d3ac092edae3cd979bc0a40401') in 0.022416 seconds 
  Import took 0.025617 seconds .

========================================================================
Received Import Request.
  Time since last request: 7.815774 seconds.
  path: Assets/_Prefabs/Triangle.prefab
  artifactKey: Guid(e862dad62f29e0249bf060d78a606e47) Importer(815301076,1909f56bfc062723c751e8b465ee728b)
Start importing Assets/_Prefabs/Triangle.prefab using Guid(e862dad62f29e0249bf060d78a606e47) Importer(815301076,1909f56bfc062723c751e8b465ee728b)  -> (artifact id: '523c289aaa1ee81be6adf83146653b91') in 0.035795 seconds 
  Import took 0.040375 seconds .

========================================================================
Received Import Request.
  Time since last request: 0.000453 seconds.
  path: Assets/_Prefabs/Triangles_C.prefab
  artifactKey: Guid(aec5159f638b67c44bc004cb5929b79d) Importer(815301076,1909f56bfc062723c751e8b465ee728b)
Start importing Assets/_Prefabs/Triangles_C.prefab using Guid(aec5159f638b67c44bc004cb5929b79d) Importer(815301076,1909f56bfc062723c751e8b465ee728b)  -> (artifact id: 'cf2e5e719702532a68a2c78354a581a6') in 0.009969 seconds 
  Import took 0.012967 seconds .

========================================================================
Received Import Request.
  Time since last request: 0.000219 seconds.
  path: Assets/_Prefabs/Triangles_B.prefab
  artifactKey: Guid(2391b5152b1066d43ad87be15e085e14) Importer(815301076,1909f56bfc062723c751e8b465ee728b)
Start importing Assets/_Prefabs/Triangles_B.prefab using Guid(2391b5152b1066d43ad87be15e085e14) Importer(815301076,1909f56bfc062723c751e8b465ee728b)  -> (artifact id: '9d4a8de650ebb3efcd8fc025a4ed2807') in 0.008880 seconds 
  Import took 0.011232 seconds .

========================================================================
Received Import Request.
  Time since last request: 0.000186 seconds.
  path: Assets/_Prefabs/Triangles_D.prefab
  artifactKey: Guid(236fa4ea5aaefe24999557f30e349a3b) Importer(815301076,1909f56bfc062723c751e8b465ee728b)
Start importing Assets/_Prefabs/Triangles_D.prefab using Guid(236fa4ea5aaefe24999557f30e349a3b) Importer(815301076,1909f56bfc062723c751e8b465ee728b)  -> (artifact id: '1daba8eb13a60eb6edb549dcc8e0ae63') in 0.008709 seconds 
  Import took 0.011402 seconds .

========================================================================
Received Import Request.
  Time since last request: 0.000341 seconds.
  path: Assets/_Prefabs/Triangles_A.prefab
  artifactKey: Guid(f558e74656ec4684aa37a49dd318e8ca) Importer(815301076,1909f56bfc062723c751e8b465ee728b)
Start importing Assets/_Prefabs/Triangles_A.prefab using Guid(f558e74656ec4684aa37a49dd318e8ca) Importer(815301076,1909f56bfc062723c751e8b465ee728b)  -> (artifact id: '3cf28c134f0cdbd634e5f5862446936a') in 0.029053 seconds 
  Import took 0.033004 seconds .

========================================================================
Received Import Request.
  Time since last request: 7.149941 seconds.
  path: Assets/_Prefabs/Triangle.prefab
  artifactKey: Guid(e862dad62f29e0249bf060d78a606e47) Importer(815301076,1909f56bfc062723c751e8b465ee728b)
Start importing Assets/_Prefabs/Triangle.prefab using Guid(e862dad62f29e0249bf060d78a606e47) Importer(815301076,1909f56bfc062723c751e8b465ee728b)  -> (artifact id: 'cf2abaa1a3a27c0a568269261bd7ee54') in 0.017351 seconds 
  Import took 0.023493 seconds .

========================================================================
Received Import Request.
  Time since last request: 0.000280 seconds.
  path: Assets/_Prefabs/Triangles_C.prefab
  artifactKey: Guid(aec5159f638b67c44bc004cb5929b79d) Importer(815301076,1909f56bfc062723c751e8b465ee728b)
Start importing Assets/_Prefabs/Triangles_C.prefab using Guid(aec5159f638b67c44bc004cb5929b79d) Importer(815301076,1909f56bfc062723c751e8b465ee728b)  -> (artifact id: '066e1b56f745ef5e9c8e069193227704') in 0.022375 seconds 
  Import took 0.026043 seconds .

========================================================================
Received Import Request.
  Time since last request: 0.000385 seconds.
  path: Assets/_Prefabs/Triangles_B.prefab
  artifactKey: Guid(2391b5152b1066d43ad87be15e085e14) Importer(815301076,1909f56bfc062723c751e8b465ee728b)
Start importing Assets/_Prefabs/Triangles_B.prefab using Guid(2391b5152b1066d43ad87be15e085e14) Importer(815301076,1909f56bfc062723c751e8b465ee728b)  -> (artifact id: 'fcf0cc5219b6cc05c781f39ca91d25ea') in 0.016312 seconds 
  Import took 0.022646 seconds .

========================================================================
Received Import Request.
  Time since last request: 0.000431 seconds.
  path: Assets/_Prefabs/Triangles_D.prefab
  artifactKey: Guid(236fa4ea5aaefe24999557f30e349a3b) Importer(815301076,1909f56bfc062723c751e8b465ee728b)
Start importing Assets/_Prefabs/Triangles_D.prefab using Guid(236fa4ea5aaefe24999557f30e349a3b) Importer(815301076,1909f56bfc062723c751e8b465ee728b)  -> (artifact id: 'e91fa65bab28ef9eb87256cf1d96c7a9') in 0.014353 seconds 
  Import took 0.019342 seconds .

========================================================================
Received Import Request.
  Time since last request: 0.000404 seconds.
  path: Assets/_Prefabs/Triangles_A.prefab
  artifactKey: Guid(f558e74656ec4684aa37a49dd318e8ca) Importer(815301076,1909f56bfc062723c751e8b465ee728b)
Start importing Assets/_Prefabs/Triangles_A.prefab using Guid(f558e74656ec4684aa37a49dd318e8ca) Importer(815301076,1909f56bfc062723c751e8b465ee728b)  -> (artifact id: '284f30ba7a80a6fce2c4ee8a6049a951') in 0.025464 seconds 
  Import took 0.029371 seconds .

========================================================================
Received Import Request.
  Time since last request: 12.469058 seconds.
  path: Assets/_Prefabs/Triangle.prefab
  artifactKey: Guid(e862dad62f29e0249bf060d78a606e47) Importer(815301076,1909f56bfc062723c751e8b465ee728b)
Start importing Assets/_Prefabs/Triangle.prefab using Guid(e862dad62f29e0249bf060d78a606e47) Importer(815301076,1909f56bfc062723c751e8b465ee728b)  -> (artifact id: '659780dc290ae7ebcf0c7c0b8414bea7') in 0.023232 seconds 
  Import took 0.026316 seconds .

========================================================================
Received Import Request.
  Time since last request: 0.000323 seconds.
  path: Assets/_Prefabs/Triangles_C.prefab
  artifactKey: Guid(aec5159f638b67c44bc004cb5929b79d) Importer(815301076,1909f56bfc062723c751e8b465ee728b)
Start importing Assets/_Prefabs/Triangles_C.prefab using Guid(aec5159f638b67c44bc004cb5929b79d) Importer(815301076,1909f56bfc062723c751e8b465ee728b)  -> (artifact id: '8fd33313e963de0b5fbbe62781e0ce7b') in 0.011557 seconds 
  Import took 0.014471 seconds .

========================================================================
Received Import Request.
  Time since last request: 0.000290 seconds.
  path: Assets/_Prefabs/Triangles_B.prefab
  artifactKey: Guid(2391b5152b1066d43ad87be15e085e14) Importer(815301076,1909f56bfc062723c751e8b465ee728b)
Start importing Assets/_Prefabs/Triangles_B.prefab using Guid(2391b5152b1066d43ad87be15e085e14) Importer(815301076,1909f56bfc062723c751e8b465ee728b)  -> (artifact id: 'bf1b54068a3979ee4b132968abdbd4b6') in 0.009088 seconds 
  Import took 0.011387 seconds .

========================================================================
Received Import Request.
  Time since last request: 0.000199 seconds.
  path: Assets/_Prefabs/Triangles_D.prefab
  artifactKey: Guid(236fa4ea5aaefe24999557f30e349a3b) Importer(815301076,1909f56bfc062723c751e8b465ee728b)
Start importing Assets/_Prefabs/Triangles_D.prefab using Guid(236fa4ea5aaefe24999557f30e349a3b) Importer(815301076,1909f56bfc062723c751e8b465ee728b)  -> (artifact id: 'f6c0fe78bfd76919589acf18493645a3') in 0.010969 seconds 
  Import took 0.014998 seconds .

========================================================================
Received Import Request.
  Time since last request: 0.000306 seconds.
  path: Assets/_Prefabs/Triangles_A.prefab
  artifactKey: Guid(f558e74656ec4684aa37a49dd318e8ca) Importer(815301076,1909f56bfc062723c751e8b465ee728b)
Start importing Assets/_Prefabs/Triangles_A.prefab using Guid(f558e74656ec4684aa37a49dd318e8ca) Importer(815301076,1909f56bfc062723c751e8b465ee728b)  -> (artifact id: 'cd6a2a61d13f4fd1904535457c1f12da') in 0.026383 seconds 
  Import took 0.029050 seconds .

========================================================================
Received Import Request.
  Time since last request: 4.129899 seconds.
  path: Assets/_Prefabs/Triangle.prefab
  artifactKey: Guid(e862dad62f29e0249bf060d78a606e47) Importer(815301076,1909f56bfc062723c751e8b465ee728b)
Start importing Assets/_Prefabs/Triangle.prefab using Guid(e862dad62f29e0249bf060d78a606e47) Importer(815301076,1909f56bfc062723c751e8b465ee728b)  -> (artifact id: '0d0b3ff4d69e74e32f48983ed651b68f') in 0.015694 seconds 
  Import took 0.020408 seconds .

========================================================================
Received Import Request.
  Time since last request: 0.000654 seconds.
  path: Assets/_Prefabs/Triangles_C.prefab
  artifactKey: Guid(aec5159f638b67c44bc004cb5929b79d) Importer(815301076,1909f56bfc062723c751e8b465ee728b)
Start importing Assets/_Prefabs/Triangles_C.prefab using Guid(aec5159f638b67c44bc004cb5929b79d) Importer(815301076,1909f56bfc062723c751e8b465ee728b)  -> (artifact id: 'e63813d076cb4202f538f9fbf5229d1e') in 0.024538 seconds 
  Import took 0.028785 seconds .

========================================================================
Received Import Request.
  Time since last request: 0.000424 seconds.
  path: Assets/_Prefabs/Triangles_B.prefab
  artifactKey: Guid(2391b5152b1066d43ad87be15e085e14) Importer(815301076,1909f56bfc062723c751e8b465ee728b)
Start importing Assets/_Prefabs/Triangles_B.prefab using Guid(2391b5152b1066d43ad87be15e085e14) Importer(815301076,1909f56bfc062723c751e8b465ee728b)  -> (artifact id: '5de983be465e9596c4ed2c7a73d38776') in 0.018056 seconds 
  Import took 0.022156 seconds .

========================================================================
Received Import Request.
  Time since last request: 0.000430 seconds.
  path: Assets/_Prefabs/Triangles_D.prefab
  artifactKey: Guid(236fa4ea5aaefe24999557f30e349a3b) Importer(815301076,1909f56bfc062723c751e8b465ee728b)
Start importing Assets/_Prefabs/Triangles_D.prefab using Guid(236fa4ea5aaefe24999557f30e349a3b) Importer(815301076,1909f56bfc062723c751e8b465ee728b)  -> (artifact id: '39e2da4382370fa7a1d984f90e772a41') in 0.013711 seconds 
  Import took 0.020102 seconds .

========================================================================
Received Import Request.
  Time since last request: 0.000510 seconds.
  path: Assets/_Prefabs/Triangles_A.prefab
  artifactKey: Guid(f558e74656ec4684aa37a49dd318e8ca) Importer(815301076,1909f56bfc062723c751e8b465ee728b)
Start importing Assets/_Prefabs/Triangles_A.prefab using Guid(f558e74656ec4684aa37a49dd318e8ca) Importer(815301076,1909f56bfc062723c751e8b465ee728b)  -> (artifact id: 'c86c86b36e1c9d90e39d6d67f2be1626') in 0.015299 seconds 
  Import took 0.019965 seconds .

========================================================================
Received Prepare
Registering precompiled user dll's ...
Registered in 0.007481 seconds.
Begin MonoManager ReloadAssembly
Error: Could not load signature of UnityEngine.Advertisements.Editor.PostProcessBuildPlist:PlistContainsAdNetworkId due to: Could not load file or assembly 'UnityEditor.iOS.Extensions.Xcode, Version=1.0.0.0, Culture=neutral, PublicKeyToken=null' or one of its dependencies. assembly:UnityEditor.iOS.Extensions.Xcode, Version=1.0.0.0, Culture=neutral, PublicKeyToken=null type:<unknown type> member:(null) signature:<none>
Unloading broken assembly Library/ScriptAssemblies/UnityEngine.Advertisements.Editor.dll, this assembly can cause crashes in the runtime
Native extension for WindowsStandalone target not found
Refreshing native plugins compatible for Editor in 0.44 ms, found 2 plugins.
Preloading 0 native plugins for Editor in 0.00 ms.
Mono: successfully reloaded assembly
- Completed reload, in  0.911 seconds
Domain Reload Profiling:
	ReloadAssembly (912ms)
		BeginReloadAssembly (113ms)
			ExecutionOrderSort (0ms)
			DisableScriptedObjects (4ms)
			BackupInstance (0ms)
			ReleaseScriptingObjects (0ms)
			CreateAndSetChildDomain (30ms)
		EndReloadAssembly (745ms)
			LoadAssemblies (79ms)
			RebuildTransferFunctionScriptingTraits (0ms)
			SetupTypeCache (228ms)
			ReleaseScriptCaches (1ms)
			RebuildScriptCaches (32ms)
			SetupLoadedEditorAssemblies (280ms)
				LogAssemblyErrors (0ms)
				InitializePlatformSupportModulesInManaged (4ms)
				SetLoadedEditorAssemblies (0ms)
				RefreshPlugins (1ms)
				BeforeProcessingInitializeOnLoad (66ms)
				ProcessInitializeOnLoadAttributes (199ms)
				ProcessInitializeOnLoadMethodAttributes (5ms)
				AfterProcessingInitializeOnLoad (6ms)
				EditorAssembliesLoaded (0ms)
			ExecutionOrderSort2 (0ms)
			AwakeInstancesAfterBackupRestoration (6ms)
Platform modules already initialized, skipping
Switching build target platform(19) subTarget(0) extendedPlatform(0) -> platform(9) subTarget(16777218) extendedPlatform(0)
Refreshing native plugins compatible for Editor in 0.47 ms, found 2 plugins.
Preloading 0 native plugins for Editor in 0.00 ms.
Unloading 1561 Unused Serialized files (Serialized files now loaded: 0)
System memory in use before: 75.2 MB.
System memory in use after: 75.4 MB.

Unloading 34 unused Assets to reduce memory usage. Loaded Objects now: 2050.
Total: 2.682800 ms (FindLiveObjects: 0.160300 ms CreateObjectMapping: 0.052300 ms MarkObjects: 2.449400 ms  DeleteObjects: 0.020100 ms)

AssetImportParameters requested are different than current active one (requested -> active):
  custom:framework-win-MediaFoundation: 216162199b28c13a410421893ffa2e32 -> 
  custom:video-decoder-ogg-theora: a1e56fd34408186e4bbccfd4996cb3dc -> 
  custom:container-muxer-webm: aa71ff27fc2769a1b78a27578f13a17b -> 
  custom:container-demuxer-webm: 4f35f7cbe854078d1ac9338744f61a02 -> 
  custom:container-demuxer-ogg: 62fdf1f143b41e24485cea50d1cbac27 -> 
  custom:video-encoder-webm-vp8: eb34c28f22e8b96e1ab97ce403110664 -> 
  custom:video-decoder-webm-vp8: 9c59270c3fd7afecdb556c50c9e8de78 -> 
  custom:graphics/normal-map-encoding: 01000000000000000000000000000000 -> 02000000000000000000000000000000
  custom:audio-decoder-ogg-vorbis: bf7c407c2cedff20999df2af8eb42d56 -> 
  custom:audio-encoder-webm-vorbis: bf7c407c2cedff20999df2af8eb42d56 -> 
========================================================================
Received Import Request.
  Time since last request: 70.892775 seconds.
  path: Assets/Scripts/Player.cs
  artifactKey: Guid(5e53dccba9a9c1641bd38b383f3cb6a8) Importer(815301076,1909f56bfc062723c751e8b465ee728b)
Start importing Assets/Scripts/Player.cs using Guid(5e53dccba9a9c1641bd38b383f3cb6a8) Importer(815301076,1909f56bfc062723c751e8b465ee728b)  -> (artifact id: 'aea0870de6458eb3376b983a15da4b47') in 0.010923 seconds 
  Import took 0.014006 seconds .

========================================================================
Received Prepare
Registering precompiled user dll's ...
Registered in 0.005297 seconds.
Begin MonoManager ReloadAssembly
Error: Could not load signature of UnityEngine.Advertisements.Editor.PostProcessBuildPlist:PlistContainsAdNetworkId due to: Could not load file or assembly 'UnityEditor.iOS.Extensions.Xcode, Version=1.0.0.0, Culture=neutral, PublicKeyToken=null' or one of its dependencies. assembly:UnityEditor.iOS.Extensions.Xcode, Version=1.0.0.0, Culture=neutral, PublicKeyToken=null type:<unknown type> member:(null) signature:<none>
Unloading broken assembly Library/ScriptAssemblies/UnityEngine.Advertisements.Editor.dll, this assembly can cause crashes in the runtime
Native extension for WindowsStandalone target not found
Refreshing native plugins compatible for Editor in 0.73 ms, found 2 plugins.
Preloading 0 native plugins for Editor in 0.00 ms.
Mono: successfully reloaded assembly
- Completed reload, in  1.130 seconds
Domain Reload Profiling:
	ReloadAssembly (1131ms)
		BeginReloadAssembly (125ms)
			ExecutionOrderSort (0ms)
			DisableScriptedObjects (4ms)
			BackupInstance (0ms)
			ReleaseScriptingObjects (0ms)
			CreateAndSetChildDomain (43ms)
		EndReloadAssembly (938ms)
			LoadAssemblies (93ms)
			RebuildTransferFunctionScriptingTraits (0ms)
			SetupTypeCache (341ms)
			ReleaseScriptCaches (1ms)
			RebuildScriptCaches (45ms)
			SetupLoadedEditorAssemblies (297ms)
				LogAssemblyErrors (0ms)
				InitializePlatformSupportModulesInManaged (7ms)
				SetLoadedEditorAssemblies (1ms)
				RefreshPlugins (1ms)
				BeforeProcessingInitializeOnLoad (87ms)
				ProcessInitializeOnLoadAttributes (191ms)
				ProcessInitializeOnLoadMethodAttributes (5ms)
				AfterProcessingInitializeOnLoad (6ms)
				EditorAssembliesLoaded (0ms)
			ExecutionOrderSort2 (0ms)
			AwakeInstancesAfterBackupRestoration (6ms)
Platform modules already initialized, skipping
Switching build target platform(19) subTarget(0) extendedPlatform(0) -> platform(9) subTarget(16777218) extendedPlatform(0)
Refreshing native plugins compatible for Editor in 0.45 ms, found 2 plugins.
Preloading 0 native plugins for Editor in 0.00 ms.
Unloading 1561 Unused Serialized files (Serialized files now loaded: 0)
System memory in use before: 75.3 MB.
System memory in use after: 75.4 MB.

Unloading 34 unused Assets to reduce memory usage. Loaded Objects now: 2052.
Total: 3.243300 ms (FindLiveObjects: 0.456800 ms CreateObjectMapping: 0.113800 ms MarkObjects: 2.651200 ms  DeleteObjects: 0.020100 ms)

AssetImportParameters requested are different than current active one (requested -> active):
  custom:framework-win-MediaFoundation: 216162199b28c13a410421893ffa2e32 -> 
  custom:video-decoder-ogg-theora: a1e56fd34408186e4bbccfd4996cb3dc -> 
  custom:container-muxer-webm: aa71ff27fc2769a1b78a27578f13a17b -> 
  custom:container-demuxer-webm: 4f35f7cbe854078d1ac9338744f61a02 -> 
  custom:container-demuxer-ogg: 62fdf1f143b41e24485cea50d1cbac27 -> 
  custom:video-encoder-webm-vp8: eb34c28f22e8b96e1ab97ce403110664 -> 
  custom:video-decoder-webm-vp8: 9c59270c3fd7afecdb556c50c9e8de78 -> 
  custom:graphics/normal-map-encoding: 01000000000000000000000000000000 -> 02000000000000000000000000000000
  custom:audio-decoder-ogg-vorbis: bf7c407c2cedff20999df2af8eb42d56 -> 
  custom:audio-encoder-webm-vorbis: bf7c407c2cedff20999df2af8eb42d56 -> 
========================================================================
Received Import Request.
  Time since last request: 188.974233 seconds.
  path: Assets/Scripts/Player.cs
  artifactKey: Guid(5e53dccba9a9c1641bd38b383f3cb6a8) Importer(815301076,1909f56bfc062723c751e8b465ee728b)
Start importing Assets/Scripts/Player.cs using Guid(5e53dccba9a9c1641bd38b383f3cb6a8) Importer(815301076,1909f56bfc062723c751e8b465ee728b)  -> (artifact id: '661cfc18c5d037330e1c856c80e7da97') in 0.004728 seconds 
  Import took 0.007188 seconds .

========================================================================
Received Prepare
Registering precompiled user dll's ...
Registered in 0.007275 seconds.
Begin MonoManager ReloadAssembly
Error: Could not load signature of UnityEngine.Advertisements.Editor.PostProcessBuildPlist:PlistContainsAdNetworkId due to: Could not load file or assembly 'UnityEditor.iOS.Extensions.Xcode, Version=1.0.0.0, Culture=neutral, PublicKeyToken=null' or one of its dependencies. assembly:UnityEditor.iOS.Extensions.Xcode, Version=1.0.0.0, Culture=neutral, PublicKeyToken=null type:<unknown type> member:(null) signature:<none>
Unloading broken assembly Library/ScriptAssemblies/UnityEngine.Advertisements.Editor.dll, this assembly can cause crashes in the runtime
Native extension for WindowsStandalone target not found
Refreshing native plugins compatible for Editor in 0.53 ms, found 2 plugins.
Preloading 0 native plugins for Editor in 0.00 ms.
Mono: successfully reloaded assembly
- Completed reload, in  1.011 seconds
Domain Reload Profiling:
	ReloadAssembly (1011ms)
		BeginReloadAssembly (116ms)
			ExecutionOrderSort (0ms)
			DisableScriptedObjects (4ms)
			BackupInstance (0ms)
			ReleaseScriptingObjects (0ms)
			CreateAndSetChildDomain (30ms)
		EndReloadAssembly (831ms)
			LoadAssemblies (91ms)
			RebuildTransferFunctionScriptingTraits (0ms)
			SetupTypeCache (266ms)
			ReleaseScriptCaches (1ms)
			RebuildScriptCaches (37ms)
			SetupLoadedEditorAssemblies (295ms)
				LogAssemblyErrors (0ms)
				InitializePlatformSupportModulesInManaged (4ms)
				SetLoadedEditorAssemblies (0ms)
				RefreshPlugins (1ms)
				BeforeProcessingInitializeOnLoad (83ms)
				ProcessInitializeOnLoadAttributes (197ms)
				ProcessInitializeOnLoadMethodAttributes (4ms)
				AfterProcessingInitializeOnLoad (6ms)
				EditorAssembliesLoaded (0ms)
			ExecutionOrderSort2 (0ms)
			AwakeInstancesAfterBackupRestoration (7ms)
Platform modules already initialized, skipping
Switching build target platform(19) subTarget(0) extendedPlatform(0) -> platform(9) subTarget(16777218) extendedPlatform(0)
Refreshing native plugins compatible for Editor in 0.56 ms, found 2 plugins.
Preloading 0 native plugins for Editor in 0.00 ms.
Unloading 1561 Unused Serialized files (Serialized files now loaded: 0)
System memory in use before: 75.3 MB.
System memory in use after: 75.4 MB.

Unloading 34 unused Assets to reduce memory usage. Loaded Objects now: 2054.
Total: 2.742200 ms (FindLiveObjects: 0.180900 ms CreateObjectMapping: 0.047600 ms MarkObjects: 2.495700 ms  DeleteObjects: 0.017100 ms)

AssetImportParameters requested are different than current active one (requested -> active):
  custom:framework-win-MediaFoundation: 216162199b28c13a410421893ffa2e32 -> 
  custom:video-decoder-ogg-theora: a1e56fd34408186e4bbccfd4996cb3dc -> 
  custom:container-muxer-webm: aa71ff27fc2769a1b78a27578f13a17b -> 
  custom:container-demuxer-webm: 4f35f7cbe854078d1ac9338744f61a02 -> 
  custom:container-demuxer-ogg: 62fdf1f143b41e24485cea50d1cbac27 -> 
  custom:video-encoder-webm-vp8: eb34c28f22e8b96e1ab97ce403110664 -> 
  custom:video-decoder-webm-vp8: 9c59270c3fd7afecdb556c50c9e8de78 -> 
  custom:graphics/normal-map-encoding: 01000000000000000000000000000000 -> 02000000000000000000000000000000
  custom:audio-decoder-ogg-vorbis: bf7c407c2cedff20999df2af8eb42d56 -> 
  custom:audio-encoder-webm-vorbis: bf7c407c2cedff20999df2af8eb42d56 -> 
========================================================================
Received Prepare
Registering precompiled user dll's ...
Registered in 0.003936 seconds.
Begin MonoManager ReloadAssembly
Error: Could not load signature of UnityEngine.Advertisements.Editor.PostProcessBuildPlist:PlistContainsAdNetworkId due to: Could not load file or assembly 'UnityEditor.iOS.Extensions.Xcode, Version=1.0.0.0, Culture=neutral, PublicKeyToken=null' or one of its dependencies. assembly:UnityEditor.iOS.Extensions.Xcode, Version=1.0.0.0, Culture=neutral, PublicKeyToken=null type:<unknown type> member:(null) signature:<none>
Unloading broken assembly Library/ScriptAssemblies/UnityEngine.Advertisements.Editor.dll, this assembly can cause crashes in the runtime
Native extension for WindowsStandalone target not found
Refreshing native plugins compatible for Editor in 0.64 ms, found 2 plugins.
Preloading 0 native plugins for Editor in 0.00 ms.
Mono: successfully reloaded assembly
- Completed reload, in  1.183 seconds
Domain Reload Profiling:
	ReloadAssembly (1185ms)
		BeginReloadAssembly (126ms)
			ExecutionOrderSort (0ms)
			DisableScriptedObjects (7ms)
			BackupInstance (0ms)
			ReleaseScriptingObjects (0ms)
			CreateAndSetChildDomain (29ms)
		EndReloadAssembly (986ms)
			LoadAssemblies (102ms)
			RebuildTransferFunctionScriptingTraits (0ms)
			SetupTypeCache (347ms)
			ReleaseScriptCaches (1ms)
			RebuildScriptCaches (50ms)
			SetupLoadedEditorAssemblies (319ms)
				LogAssemblyErrors (0ms)
				InitializePlatformSupportModulesInManaged (6ms)
				SetLoadedEditorAssemblies (1ms)
				RefreshPlugins (1ms)
				BeforeProcessingInitializeOnLoad (74ms)
				ProcessInitializeOnLoadAttributes (228ms)
				ProcessInitializeOnLoadMethodAttributes (4ms)
				AfterProcessingInitializeOnLoad (6ms)
				EditorAssembliesLoaded (0ms)
			ExecutionOrderSort2 (0ms)
			AwakeInstancesAfterBackupRestoration (6ms)
Platform modules already initialized, skipping
Switching build target platform(19) subTarget(0) extendedPlatform(0) -> platform(9) subTarget(16777218) extendedPlatform(0)
Refreshing native plugins compatible for Editor in 0.96 ms, found 2 plugins.
Preloading 0 native plugins for Editor in 0.00 ms.
Unloading 1561 Unused Serialized files (Serialized files now loaded: 0)
System memory in use before: 75.3 MB.
System memory in use after: 75.4 MB.

Unloading 34 unused Assets to reduce memory usage. Loaded Objects now: 2056.
Total: 3.084200 ms (FindLiveObjects: 0.196300 ms CreateObjectMapping: 0.059900 ms MarkObjects: 2.801700 ms  DeleteObjects: 0.025300 ms)

AssetImportParameters requested are different than current active one (requested -> active):
  custom:framework-win-MediaFoundation: 216162199b28c13a410421893ffa2e32 -> 
  custom:video-decoder-ogg-theora: a1e56fd34408186e4bbccfd4996cb3dc -> 
  custom:container-muxer-webm: aa71ff27fc2769a1b78a27578f13a17b -> 
  custom:container-demuxer-webm: 4f35f7cbe854078d1ac9338744f61a02 -> 
  custom:container-demuxer-ogg: 62fdf1f143b41e24485cea50d1cbac27 -> 
  custom:video-encoder-webm-vp8: eb34c28f22e8b96e1ab97ce403110664 -> 
  custom:video-decoder-webm-vp8: 9c59270c3fd7afecdb556c50c9e8de78 -> 
  custom:graphics/normal-map-encoding: 01000000000000000000000000000000 -> 02000000000000000000000000000000
  custom:audio-decoder-ogg-vorbis: bf7c407c2cedff20999df2af8eb42d56 -> 
  custom:audio-encoder-webm-vorbis: bf7c407c2cedff20999df2af8eb42d56 -> 
========================================================================
Received Prepare
Registering precompiled user dll's ...
Registered in 0.007507 seconds.
Begin MonoManager ReloadAssembly
Error: Could not load signature of UnityEngine.Advertisements.Editor.PostProcessBuildPlist:PlistContainsAdNetworkId due to: Could not load file or assembly 'UnityEditor.iOS.Extensions.Xcode, Version=1.0.0.0, Culture=neutral, PublicKeyToken=null' or one of its dependencies. assembly:UnityEditor.iOS.Extensions.Xcode, Version=1.0.0.0, Culture=neutral, PublicKeyToken=null type:<unknown type> member:(null) signature:<none>
Unloading broken assembly Library/ScriptAssemblies/UnityEngine.Advertisements.Editor.dll, this assembly can cause crashes in the runtime
Native extension for WindowsStandalone target not found
Refreshing native plugins compatible for Editor in 0.79 ms, found 2 plugins.
Preloading 0 native plugins for Editor in 0.00 ms.
Mono: successfully reloaded assembly
- Completed reload, in  1.091 seconds
Domain Reload Profiling:
	ReloadAssembly (1092ms)
		BeginReloadAssembly (136ms)
			ExecutionOrderSort (0ms)
			DisableScriptedObjects (5ms)
			BackupInstance (0ms)
			ReleaseScriptingObjects (0ms)
			CreateAndSetChildDomain (40ms)
		EndReloadAssembly (885ms)
			LoadAssemblies (106ms)
			RebuildTransferFunctionScriptingTraits (0ms)
			SetupTypeCache (292ms)
			ReleaseScriptCaches (1ms)
			RebuildScriptCaches (42ms)
			SetupLoadedEditorAssemblies (284ms)
				LogAssemblyErrors (0ms)
				InitializePlatformSupportModulesInManaged (6ms)
				SetLoadedEditorAssemblies (1ms)
				RefreshPlugins (1ms)
				BeforeProcessingInitializeOnLoad (72ms)
				ProcessInitializeOnLoadAttributes (195ms)
				ProcessInitializeOnLoadMethodAttributes (5ms)
				AfterProcessingInitializeOnLoad (5ms)
				EditorAssembliesLoaded (0ms)
			ExecutionOrderSort2 (0ms)
			AwakeInstancesAfterBackupRestoration (7ms)
Platform modules already initialized, skipping
Switching build target platform(19) subTarget(0) extendedPlatform(0) -> platform(9) subTarget(16777218) extendedPlatform(0)
Refreshing native plugins compatible for Editor in 1.00 ms, found 2 plugins.
Preloading 0 native plugins for Editor in 0.00 ms.
Unloading 1561 Unused Serialized files (Serialized files now loaded: 0)
System memory in use before: 75.3 MB.
System memory in use after: 75.4 MB.

Unloading 34 unused Assets to reduce memory usage. Loaded Objects now: 2058.
Total: 3.479000 ms (FindLiveObjects: 0.286200 ms CreateObjectMapping: 0.102900 ms MarkObjects: 3.051300 ms  DeleteObjects: 0.037200 ms)

AssetImportParameters requested are different than current active one (requested -> active):
  custom:framework-win-MediaFoundation: 216162199b28c13a410421893ffa2e32 -> 
  custom:video-decoder-ogg-theora: a1e56fd34408186e4bbccfd4996cb3dc -> 
  custom:container-muxer-webm: aa71ff27fc2769a1b78a27578f13a17b -> 
  custom:container-demuxer-webm: 4f35f7cbe854078d1ac9338744f61a02 -> 
  custom:container-demuxer-ogg: 62fdf1f143b41e24485cea50d1cbac27 -> 
  custom:video-encoder-webm-vp8: eb34c28f22e8b96e1ab97ce403110664 -> 
  custom:video-decoder-webm-vp8: 9c59270c3fd7afecdb556c50c9e8de78 -> 
  custom:graphics/normal-map-encoding: 01000000000000000000000000000000 -> 02000000000000000000000000000000
  custom:audio-decoder-ogg-vorbis: bf7c407c2cedff20999df2af8eb42d56 -> 
  custom:audio-encoder-webm-vorbis: bf7c407c2cedff20999df2af8eb42d56 -> 
========================================================================
Received Prepare
Registering precompiled user dll's ...
Registered in 0.014864 seconds.
Begin MonoManager ReloadAssembly
Error: Could not load signature of UnityEngine.Advertisements.Editor.PostProcessBuildPlist:PlistContainsAdNetworkId due to: Could not load file or assembly 'UnityEditor.iOS.Extensions.Xcode, Version=1.0.0.0, Culture=neutral, PublicKeyToken=null' or one of its dependencies. assembly:UnityEditor.iOS.Extensions.Xcode, Version=1.0.0.0, Culture=neutral, PublicKeyToken=null type:<unknown type> member:(null) signature:<none>
Unloading broken assembly Library/ScriptAssemblies/UnityEngine.Advertisements.Editor.dll, this assembly can cause crashes in the runtime
Native extension for WindowsStandalone target not found
Refreshing native plugins compatible for Editor in 0.63 ms, found 2 plugins.
Preloading 0 native plugins for Editor in 0.00 ms.
Mono: successfully reloaded assembly
- Completed reload, in  1.035 seconds
Domain Reload Profiling:
	ReloadAssembly (1036ms)
		BeginReloadAssembly (127ms)
			ExecutionOrderSort (0ms)
			DisableScriptedObjects (6ms)
			BackupInstance (0ms)
			ReleaseScriptingObjects (0ms)
			CreateAndSetChildDomain (44ms)
		EndReloadAssembly (838ms)
			LoadAssemblies (88ms)
			RebuildTransferFunctionScriptingTraits (0ms)
			SetupTypeCache (273ms)
			ReleaseScriptCaches (1ms)
			RebuildScriptCaches (38ms)
			SetupLoadedEditorAssemblies (282ms)
				LogAssemblyErrors (0ms)
				InitializePlatformSupportModulesInManaged (6ms)
				SetLoadedEditorAssemblies (1ms)
				RefreshPlugins (1ms)
				BeforeProcessingInitializeOnLoad (77ms)
				ProcessInitializeOnLoadAttributes (186ms)
				ProcessInitializeOnLoadMethodAttributes (5ms)
				AfterProcessingInitializeOnLoad (6ms)
				EditorAssembliesLoaded (0ms)
			ExecutionOrderSort2 (0ms)
			AwakeInstancesAfterBackupRestoration (6ms)
Platform modules already initialized, skipping
Switching build target platform(19) subTarget(0) extendedPlatform(0) -> platform(9) subTarget(16777218) extendedPlatform(0)
Refreshing native plugins compatible for Editor in 0.43 ms, found 2 plugins.
Preloading 0 native plugins for Editor in 0.00 ms.
Unloading 1561 Unused Serialized files (Serialized files now loaded: 0)
System memory in use before: 75.3 MB.
System memory in use after: 75.4 MB.

Unloading 34 unused Assets to reduce memory usage. Loaded Objects now: 2060.
Total: 2.957200 ms (FindLiveObjects: 0.150800 ms CreateObjectMapping: 0.038900 ms MarkObjects: 2.747000 ms  DeleteObjects: 0.019500 ms)

AssetImportParameters requested are different than current active one (requested -> active):
  custom:framework-win-MediaFoundation: 216162199b28c13a410421893ffa2e32 -> 
  custom:video-decoder-ogg-theora: a1e56fd34408186e4bbccfd4996cb3dc -> 
  custom:container-muxer-webm: aa71ff27fc2769a1b78a27578f13a17b -> 
  custom:container-demuxer-webm: 4f35f7cbe854078d1ac9338744f61a02 -> 
  custom:container-demuxer-ogg: 62fdf1f143b41e24485cea50d1cbac27 -> 
  custom:video-encoder-webm-vp8: eb34c28f22e8b96e1ab97ce403110664 -> 
  custom:video-decoder-webm-vp8: 9c59270c3fd7afecdb556c50c9e8de78 -> 
  custom:graphics/normal-map-encoding: 01000000000000000000000000000000 -> 02000000000000000000000000000000
  custom:audio-decoder-ogg-vorbis: bf7c407c2cedff20999df2af8eb42d56 -> 
  custom:audio-encoder-webm-vorbis: bf7c407c2cedff20999df2af8eb42d56 -> 
AssetImportWorkerClient::OnTransportError - code=2 error=End of file
